[2016.04.15-18.48.40:123][  0]Log file open, 04/15/16 14:48:40
[2016.04.15-18.48.40:123][  0]LogInit:Display: Running engine without a game
[2016.04.15-18.48.40:123][  0]LogPlatformFile: Not using cached read wrapper
[2016.04.15-18.48.40:123][  0]LogInit:Display: Loading recent project file: D:/Users/1430142/Documents/Unreal Projects/MyProject3/MyProject3.uproject
[2016.04.15-18.48.40:123][  0]LogInit:Display: RandInit(1467465954) SRandInit(1467465957).
[2016.04.15-18.48.40:123][  0]LogTaskGraph: Started task graph with 4 named threads and 7 total threads.
[2016.04.15-18.48.40:123][  0]LogStats: Stats thread started at 0.347657
[2016.04.15-18.48.40:123][  0]LogInit: Version: 4.10.1-2791327+++depot+UE4-Releases+4.10
[2016.04.15-18.48.40:123][  0]LogInit: API Version: 2758231
[2016.04.15-18.48.40:123][  0]LogInit: Compiled (64-bit): Dec  4 2015 19:44:40
[2016.04.15-18.48.40:123][  0]LogInit: Compiled with Visual C++: 19.00.23026.00
[2016.04.15-18.48.40:123][  0]LogInit: Build Configuration: Development
[2016.04.15-18.48.40:123][  0]LogInit: Branch Name: ++depot+UE4-Releases+4.10
[2016.04.15-18.48.40:123][  0]LogInit: Command line: -EpicPortal 
[2016.04.15-18.48.40:123][  0]LogInit: Base directory: C:/Program Files/Unreal Engine/4.10/Engine/Binaries/Win64/
[2016.04.15-18.48.40:123][  0]LogInit: Rocket: 1
[2016.04.15-18.48.40:193][  0]LogInit: Using libcurl 7.41.0
[2016.04.15-18.48.40:193][  0]LogInit:  - built for x86_64-pc-win32
[2016.04.15-18.48.40:193][  0]LogInit:  - supports SSL with WinSSL
[2016.04.15-18.48.40:193][  0]LogInit:  - other features:
[2016.04.15-18.48.40:193][  0]LogInit:      CURL_VERSION_SSL
[2016.04.15-18.48.40:193][  0]LogInit:      CURL_VERSION_IPV6
[2016.04.15-18.48.40:193][  0]LogInit:      CURL_VERSION_ASYNCHDNS
[2016.04.15-18.48.40:193][  0]LogInit:      CURL_VERSION_LARGEFILE
[2016.04.15-18.48.40:193][  0]LogInit:      CURL_VERSION_IDN
[2016.04.15-18.48.40:193][  0]LogInit:  CurlRequestOptions (configurable via config and command line):
[2016.04.15-18.48.40:193][  0]LogInit:  - bVerifyPeer = true  - Libcurl will verify peer certificate
[2016.04.15-18.48.40:193][  0]LogInit:  - bUseHttpProxy = false  - Libcurl will NOT use HTTP proxy
[2016.04.15-18.48.40:194][  0]LogInit:  - bDontReuseConnections = false  - Libcurl will reuse connections
[2016.04.15-18.48.40:194][  0]LogInit:  - CertBundlePath = nullptr  - Libcurl will use whatever was configured at build time.
[2016.04.15-18.48.40:260][  0]LogInit: Presizing for 0 objects not considered by GC, pre-allocating 0 bytes.
[2016.04.15-18.48.40:268][  0]LogInit: Object subsystem initialized
[2016.04.15-18.48.40:284][  0]LogInit: Selected Device Profile: [Windows]
[2016.04.15-18.48.40:284][  0]LogInit: Applying CVar settings loaded from the selected device profile: [Windows]
[2016.04.15-18.48.40:312][  0]LogInit: Computer: P-07
[2016.04.15-18.48.40:312][  0]LogInit: User: 1430142
[2016.04.15-18.48.40:312][  0]LogInit: CPU Page size=4096, Cores=4
[2016.04.15-18.48.40:312][  0]LogInit: High frequency timer resolution =2.994941 MHz
[2016.04.15-18.48.40:312][  0]LogMemory: Memory total: Physical=12.0GB (12GB approx)
[2016.04.15-18.48.40:312][  0]LogMemory: Platform Memory Stats for Windows
[2016.04.15-18.48.40:312][  0]LogMemory: Process Physical Memory: 56.24 MB used, 56.24 MB peak
[2016.04.15-18.48.40:312][  0]LogMemory: Process Virtual Memory: 56.69 MB used, 56.69 MB peak
[2016.04.15-18.48.40:312][  0]LogMemory: Physical Memory: 3372.67 MB used, 12285.55 MB total
[2016.04.15-18.48.40:313][  0]LogMemory: Virtual Memory: 350.93 MB used, 8388608.00 MB total
[2016.04.15-18.48.40:639][  0]LogTextLocalizationManager: No translations for ('fr-CA') exist, falling back to 'en' for localization and internationalization data.
[2016.04.15-18.48.41:174][  0]LogD3D11RHI: Found D3D11 adapter 0: NVIDIA GeForce GTX 660   (Feature Level 11_0)
[2016.04.15-18.48.41:174][  0]LogD3D11RHI: Adapter has 1988MB of dedicated video memory, 0MB of dedicated system memory, and 2048MB of shared system memory, 1 output[s]
[2016.04.15-18.48.41:174][  0]LogD3D11RHI: Chosen D3D11 Adapter Id = 0
[2016.04.15-18.48.41:178][  0]LogD3D11RHI: !Direct3DDevice
[2016.04.15-18.48.41:178][  0]LogRHI: Texture pool is 1361 MB (70% of 1945 MB)
[2016.04.15-18.48.41:188][  0]LogD3D11RHI: Async texture creation enabled
[2016.04.15-18.48.41:207][  0]LogShaderCompilers: Guid format shader working directory is -5 characters bigger than the processId version (D:/Users/1430142/Documents/Unreal Projects/MyProject3/Intermediate/Shaders/WorkingDirectory/3696/).
[2016.04.15-18.48.41:208][  0]LogShaderCompilers: Cleaned the shader compiler working directory 'D:/Users/1430142/AppData/Local/Temp/UnrealShaderWorkingDir/687E47E94133C2CBDC5035A3A71CD675/'.
[2016.04.15-18.48.41:208][  0]LogShaderCompilers:Display: Using Local Shader Compiler.
[2016.04.15-18.48.42:648][  0]LogTemp:Display: Loaded TP AllDesktopTargetPlatform
[2016.04.15-18.48.42:653][  0]LogTemp:Display: Loaded TP WindowsClientTargetPlatform
[2016.04.15-18.48.42:658][  0]LogTemp:Display: Loaded TP WindowsNoEditorTargetPlatform
[2016.04.15-18.48.42:663][  0]LogTemp:Display: Loaded TP WindowsServerTargetPlatform
[2016.04.15-18.48.42:668][  0]LogTemp:Display: Loaded TP WindowsTargetPlatform
[2016.04.15-18.48.42:673][  0]LogTemp:Display: Loaded TP AndroidTargetPlatform
[2016.04.15-18.48.42:677][  0]LogTemp:Display: Loaded TP Android_ASTCTargetPlatform
[2016.04.15-18.48.42:680][  0]LogTemp:Display: Loaded TP Android_ATCTargetPlatform
[2016.04.15-18.48.42:684][  0]LogTemp:Display: Loaded TP Android_DXTTargetPlatform
[2016.04.15-18.48.42:687][  0]LogTemp:Display: Loaded TP Android_ETC1TargetPlatform
[2016.04.15-18.48.42:691][  0]LogTemp:Display: Loaded TP Android_ETC2TargetPlatform
[2016.04.15-18.48.42:698][  0]LogTemp:Display: Loaded TP Android_MultiTargetPlatform
[2016.04.15-18.48.42:698][  0]LogTemp:Display: Loaded TP Android_PVRTCTargetPlatform
[2016.04.15-18.48.42:700][  0]LogTemp:Display: Loaded TP HTML5TargetPlatform
[2016.04.15-18.48.42:742][  0]LogTemp:Display: Loaded TP IOSTargetPlatform
[2016.04.15-18.48.42:745][  0]LogTemp:Display: Loaded TP LinuxNoEditorTargetPlatform
[2016.04.15-18.48.42:748][  0]LogTemp:Display: Loaded TP LinuxServerTargetPlatform
[2016.04.15-18.48.42:754][  0]LogTemp:Display: Loaded TP LinuxTargetPlatform
[2016.04.15-18.48.42:754][  0]LogTargetPlatformManager:Display: Building Assets For Windows
[2016.04.15-18.48.43:134][  0]LogDerivedDataCache:Display: Max Cache Size: 512 MB
[2016.04.15-18.48.43:584][  0]LogDerivedDataCache: Loaded boot cache 0.45s 41MB D:/Users/1430142/AppData/Local/UnrealEngine/4.10/DerivedDataCache/Boot.ddc.
[2016.04.15-18.48.43:584][  0]LogDerivedDataCache:Display: Loaded Boot cache: D:/Users/1430142/AppData/Local/UnrealEngine/4.10/DerivedDataCache/Boot.ddc
[2016.04.15-18.48.43:584][  0]LogDerivedDataCache: FDerivedDataBackendGraph:  Pak pak cache file D:/Users/1430142/Documents/Unreal Projects/MyProject3/DerivedDataCache/DDC.ddp not found, will not use a pak cache.
[2016.04.15-18.48.43:584][  0]LogDerivedDataCache: Unable to find inner node Pak for hierarchical cache Hierarchy.
[2016.04.15-18.48.43:584][  0]LogDerivedDataCache: FDerivedDataBackendGraph:  CompressedPak pak cache file D:/Users/1430142/Documents/Unreal Projects/MyProject3/DerivedDataCache/Compressed.ddp not found, will not use a pak cache.
[2016.04.15-18.48.43:584][  0]LogDerivedDataCache: Unable to find inner node CompressedPak for hierarchical cache Hierarchy.
[2016.04.15-18.48.43:668][  0]LogDerivedDataCache:Display: Pak cache opened for reading ../../../Engine/DerivedDataCache/Compressed.ddp.
[2016.04.15-18.48.43:695][  0]LogDerivedDataCache: Using Local data cache path D:/Users/1430142/AppData/Local/UnrealEngine/Common/DerivedDataCache: Writable
[2016.04.15-18.48.48:229][  0]LogInit: Selected Device Profile: [Windows]
[2016.04.15-18.48.48:231][  0]LogContentStreaming: Texture pool size is 0.000000MB
[2016.04.15-18.48.48:337][  0]LogMeshUtilities: No automatic mesh reduction module available
[2016.04.15-18.48.48:337][  0]LogMeshUtilities: No automatic mesh merging module available
[2016.04.15-18.48.48:930][  0]LogInit: WinSock: version 1.1 (2.2), MaxSocks=32767, MaxUdp=65467
[2016.04.15-18.48.50:856][  0]UdpMessaging: Initializing bridge on interface 0.0.0.0:0 to multicast group 230.0.0.1:6666.
[2016.04.15-18.48.50:979][  0]LogAssetRegistry: FAssetRegistry took 0.0100 seconds to start up
[2016.04.15-18.48.51:206][  0]SourceControl: Info Source control is disabled
[2016.04.15-18.48.51:346][  0]SourceControl: Info Source control is disabled
[2016.04.15-18.48.51:358][  0]SourceControl: Info Source control is disabled
[2016.04.15-18.48.51:370][  0]SourceControl: Info Source control is disabled
[2016.04.15-18.48.51:682][  0]LogObj: 28633 objects as part of root set at end of initial load.
[2016.04.15-18.48.51:682][  0]LogUObjectAllocator: 6099752 out of 0 bytes used by permanent object pool.
[2016.04.15-18.48.51:768][  0]LogEngine: Initializing Engine...
[2016.04.15-18.48.51:772][  0]LogHMD: Can't find Oculus library dev build: is proper Runtime installed? Version: 0.8.0.0
[2016.04.15-18.48.51:779][  0]LogHMD: SteamVR failed to initialize.  Err: 110
[2016.04.15-18.48.51:961][  0]LogAIModule: Creating AISystem for world NewWorld
[2016.04.15-18.48.51:986][  0]LogInit: XAudio2 using 'Haut-parleurs (SoundMAX Integrated Digital High Definition Audio)' : 2 channels at 48 kHz using 16 bits per sample (channel mask 0x3)
[2016.04.15-18.48.52:003][  0]LogInit: FAudioDevice initialized.
[2016.04.15-18.48.52:028][  0]LogDerivedDataCache: Saved boot cache 0.02s 41MB D:/Users/1430142/AppData/Local/UnrealEngine/4.10/DerivedDataCache/Boot.ddc.
[2016.04.15-18.48.52:034][  0]LogInit: Texture streaming: Enabled
[2016.04.15-18.48.52:042][  0]LogAnalytics: Creating configured Analytics provider AnalyticsET
[2016.04.15-18.48.52:042][  0]LogAnalytics: [UEEditor.Rocket.Release] APIServer = http://et2.epicgames.com/ET2/. AppVersion = 4.10.1-2791327+++depot+UE4-Releases+4.10
[2016.04.15-18.48.52:043][  0]LogAnalytics: [UEEditor.Rocket.Release] SetUserId f7213e014d0e76ad67ef9b99f2012b40|92d60a46dac64f03a93b45fd720c8f45|a8ee2a86-ee0c-474e-bc4c-aee467c7ba25
[2016.04.15-18.48.52:043][  0]LogAnalytics: [UEEditor.Rocket.Release] AnalyticsET::StartSession
[2016.04.15-18.48.52:065][  0]LogInit: Transaction tracking system initialized
[2016.04.15-18.48.52:097][  0]BlueprintLog: New page: Editor Load
[2016.04.15-18.48.52:197][  0]LocalizationService: Info Localization service is disabled
[2016.04.15-18.48.52:266][  0]LogLinker:Warning: Can't find file '/Game/PuzzleBP/Tutorial/Part1-Overview'
[2016.04.15-18.48.52:267][  0]LogLinker:Warning: Can't find file '/Game/PuzzleBP/Tutorial/Part1-Overview'
[2016.04.15-18.48.52:267][  0]LogUObjectGlobals:Warning: Failed to find object 'Class /Game/PuzzleBP/Tutorial/Part1-Overview.Part1-Overview_C'
[2016.04.15-18.48.52:267][  0]LogLinker:Warning: Can't find file '/Game/PuzzleBP/Tutorial/Part2-BlockBlueprint'
[2016.04.15-18.48.52:267][  0]LogLinker:Warning: Can't find file '/Game/PuzzleBP/Tutorial/Part2-BlockBlueprint'
[2016.04.15-18.48.52:267][  0]LogUObjectGlobals:Warning: Failed to find object 'Class /Game/PuzzleBP/Tutorial/Part2-BlockBlueprint.Part2-BlockBlueprint_C'
[2016.04.15-18.48.52:284][  0]LogConsoleResponse:Display: 
[2016.04.15-18.48.52:466][  0]LogCook:Display: Done creating registry. It took  0.00s.
[2016.04.15-18.48.52:535][  0]LogFileCache: Scanning file cache for directory 'D:/Users/1430142/Documents/Unreal Projects/MyProject3/Content/' took 0.03s
[2016.04.15-18.48.52:535][  0]SourceControl: Info Source control is disabled
[2016.04.15-18.48.52:535][  0]Cmd: MAP LOAD FILE="D:/Users/1430142/Documents/Unreal Projects/MyProject3/Content/PuzzleBP/Maps/TitleScreen.umap" TEMPLATE=0 SHOWPROGRESS=1 FEATURELEVEL=3
[2016.04.15-18.48.52:536][  0]LogEditorServer:Warning: Can't find file 'D:/Users/1430142/Documents/Unreal Projects/MyProject3/Content/PuzzleBP/Maps/TitleScreen.umap'
[2016.04.15-18.48.52:536][  0]Cmd: MAP CHECKDEP NOCLEARLOG
[2016.04.15-18.48.52:592][  0]MapCheck: Info Map check complete: 0 Error(s), 0 Warning(s), took 55.809ms to complete.
[2016.04.15-18.48.52:592][  0]LogFileHelpers: Loading map 'TitleScreen' took 0.056
[2016.04.15-18.48.52:706][  0]LogCollectionManager: Loaded 0 collections in 0.002006 seconds
[2016.04.15-18.48.52:742][  0]LogFileCache: Scanning file cache for directory 'D:/Users/1430142/Documents/Unreal Projects/MyProject3/Saved/Collections/' took 0.01s
[2016.04.15-18.48.52:742][  0]LogFileCache: Scanning file cache for directory 'D:/Users/1430142/Documents/Unreal Projects/MyProject3/Content/Developers/1430142/Collections/' took 0.01s
[2016.04.15-18.48.52:742][  0]LogFileCache: Scanning file cache for directory 'D:/Users/1430142/Documents/Unreal Projects/MyProject3/Content/Collections/' took 0.01s
[2016.04.15-18.48.52:742][  0]LogCollectionManager: Rebuilt the GUID cache for 0 collections in 0.000004 seconds
[2016.04.15-18.48.52:752][  0]LogContentBrowser: Native class hierarchy populated in 0.0094 seconds. Added 1893 classes and 338 folders.
[2016.04.15-18.48.52:759][  0]LogContentBrowser: Native class hierarchy updated for 'WidgetCarousel' in 0.0003 seconds. Added 0 classes and 0 folders.
[2016.04.15-18.48.52:897][  0]LogContentBrowser: Native class hierarchy updated for 'AddContentDialog' in 0.0004 seconds. Added 0 classes and 0 folders.
[2016.04.15-18.48.52:902][  0]LogContentBrowser: Native class hierarchy updated for 'SceneOutliner' in 0.0003 seconds. Added 1 classes and 2 folders.
[2016.04.15-18.48.52:980][  0]LogCrashTracker: Crashtracker disabled due to settings.
[2016.04.15-18.48.52:986][  0]LogUObjectGlobals:Warning: Failed to find object 'Class None.'
[2016.04.15-18.48.53:007][  0]LogLoad: Full Startup: 14.18 seconds (BP compile: 0.02 seconds)
[2016.04.15-18.48.53:353][  0]LogOcInput: Can't find Oculus library dev build: is proper Runtime installed? Version: 0.8.0.0
[2016.04.15-18.48.53:404][  0]LogContentStreaming: Texture pool size now 1000 MB
[2016.04.15-18.48.53:573][  0]LogRenderer: Reallocating scene render targets to support 1204x612 (Frame:2).
[2016.04.15-18.48.54:052][  2]LogAssetRegistry: Asset discovery search completed in 3.0832 seconds
[2016.04.15-18.48.54:052][  2]LogCollectionManager: Rebuilt the object cache for 0 collections in 0.000001 seconds (found 0 objects)
[2016.04.15-18.48.54:052][  2]LogCollectionManager: Fixed up redirectors for 0 collections in 0.000029 seconds (updated 0 objects)
[2016.04.15-18.49.01:605][251]LogAIModule: Creating AISystem for world GameMap
[2016.04.15-18.49.01:663][251]Cmd: MAP LOAD FILE="D:/Users/1430142/Documents/Unreal Projects/MyProject3/Content/GameFiles/Maps/GameMap.umap" TEMPLATE=0 SHOWPROGRESS=1 FEATURELEVEL=3
[2016.04.15-18.49.01:663][251]LightingResults: New page: Lighting Build
[2016.04.15-18.49.01:667][251]LogContentBrowser: Native class hierarchy updated for 'StatsViewer' in 0.0004 seconds. Added 5 classes and 0 folders.
[2016.04.15-18.49.01:689][251]LoadErrors: New page: Loading map: GameMap.umap
[2016.04.15-18.49.01:690][251]MapCheck: New page: Map Check
[2016.04.15-18.49.01:690][251]LightingResults: New page: Lighting Build
[2016.04.15-18.49.01:703][251]LogParticles: Destroying 0 GPU particle simulations for FXSystem 0x00000000246E7420
[2016.04.15-18.49.01:778][251]LogEditorServer: Finished looking for orphan Actors (0.000 secs)
[2016.04.15-18.49.01:804][251]Cmd: MAP CHECKDEP NOCLEARLOG
[2016.04.15-18.49.01:866][251]MapCheck: Info Map check complete: 0 Error(s), 0 Warning(s), took 62.175ms to complete.
[2016.04.15-18.49.01:867][251]LogFileHelpers: Loading map 'GameMap' took 0.205
[2016.04.15-18.49.09:127][ 56]LogLinker:Warning: Asset '../../../Engine/Content/ArtTools/RenderToTexture/Macros/RenderToTextureMacros.uasset' has been saved with empty engine version. The asset will be loaded but may be incompatible.
[2016.04.15-18.49.09:785][ 56]LogContentBrowser: Native class hierarchy updated for 'BlueprintGraph' in 0.0011 seconds. Added 107 classes and 0 folders.
[2016.04.15-18.49.34:668][799]BlueprintLog: New page: Compile PlayerCharacter
[2016.04.15-18.49.34:826][799]BlueprintEditorCompileResults: Info The execution path doesn't end with a return node.  Cast Failed 
[2016.04.15-18.49.34:826][799]BlueprintEditorCompileResults: Info The execution path doesn't end with a return node.  Cast Failed 
[2016.04.15-18.49.34:826][799]BlueprintEditorCompileResults: Info The execution path doesn't end with a return node.  Cast Failed 
[2016.04.15-18.49.34:826][799]BlueprintEditorCompileResults: Info The execution path doesn't end with a return node.  Cast Failed 
[2016.04.15-18.49.34:826][799]BlueprintEditorCompileResults: Info The execution path doesn't end with a return node.  Cast Failed 
[2016.04.15-18.49.34:826][799]BlueprintEditorCompileResults: Info The execution path doesn't end with a return node.  EdGraphPin_2363 
[2016.04.15-18.49.34:826][799]BlueprintEditorCompileResults: Info The execution path doesn't end with a return node.  EdGraphPin_2336 
[2016.04.15-18.49.34:826][799]BlueprintEditorCompileResults: Info The execution path doesn't end with a return node.  EdGraphPin_2309 
[2016.04.15-18.49.34:826][799]BlueprintEditorCompileResults: Info The execution path doesn't end with a return node.  EdGraphPin_2282 
[2016.04.15-18.49.34:827][799]BlueprintEditorCompileResults: Info The execution path doesn't end with a return node.  EdGraphPin_2255 
[2016.04.15-18.49.34:827][799]BlueprintEditorCompileResults: Info The execution path doesn't end with a return node.  EdGraphPin_2498 
[2016.04.15-18.49.34:827][799]BlueprintEditorCompileResults: Info The execution path doesn't end with a return node.  EdGraphPin_2471 
[2016.04.15-18.49.34:827][799]BlueprintEditorCompileResults: Info The execution path doesn't end with a return node.  EdGraphPin_2444 
[2016.04.15-18.49.34:827][799]BlueprintEditorCompileResults: Info The execution path doesn't end with a return node.  EdGraphPin_2417 
[2016.04.15-18.49.34:827][799]BlueprintEditorCompileResults: Info The execution path doesn't end with a return node.  EdGraphPin_2390 
[2016.04.15-18.49.34:827][799]BlueprintEditorCompileResults: Info [0056.01] Compile of PlayerCharacter successful! [in 158 ms]
[2016.04.15-18.50.37:836][516]BlueprintLog: New page: Compile PlayerCharacter
[2016.04.15-18.50.37:971][516]BlueprintEditorCompileResults: Info The execution path doesn't end with a return node.  Cast Failed 
[2016.04.15-18.50.37:971][516]BlueprintEditorCompileResults: Info The execution path doesn't end with a return node.  Cast Failed 
[2016.04.15-18.50.37:971][516]BlueprintEditorCompileResults: Info The execution path doesn't end with a return node.  Cast Failed 
[2016.04.15-18.50.37:971][516]BlueprintEditorCompileResults: Info The execution path doesn't end with a return node.  Cast Failed 
[2016.04.15-18.50.37:971][516]BlueprintEditorCompileResults: Info The execution path doesn't end with a return node.  Cast Failed 
[2016.04.15-18.50.37:971][516]BlueprintEditorCompileResults: Info The execution path doesn't end with a return node.  EdGraphPin_2363 
[2016.04.15-18.50.37:971][516]BlueprintEditorCompileResults: Info The execution path doesn't end with a return node.  EdGraphPin_2336 
[2016.04.15-18.50.37:971][516]BlueprintEditorCompileResults: Info The execution path doesn't end with a return node.  EdGraphPin_2309 
[2016.04.15-18.50.37:971][516]BlueprintEditorCompileResults: Info The execution path doesn't end with a return node.  EdGraphPin_2282 
[2016.04.15-18.50.37:971][516]BlueprintEditorCompileResults: Info The execution path doesn't end with a return node.  EdGraphPin_2255 
[2016.04.15-18.50.37:971][516]BlueprintEditorCompileResults: Info The execution path doesn't end with a return node.  EdGraphPin_2498 
[2016.04.15-18.50.37:971][516]BlueprintEditorCompileResults: Info The execution path doesn't end with a return node.  EdGraphPin_2471 
[2016.04.15-18.50.37:971][516]BlueprintEditorCompileResults: Info The execution path doesn't end with a return node.  EdGraphPin_2444 
[2016.04.15-18.50.37:971][516]BlueprintEditorCompileResults: Info The execution path doesn't end with a return node.  EdGraphPin_2417 
[2016.04.15-18.50.37:971][516]BlueprintEditorCompileResults: Info The execution path doesn't end with a return node.  EdGraphPin_2390 
[2016.04.15-18.50.37:971][516]BlueprintEditorCompileResults: Info [0119.15] Compile of PlayerCharacter successful! [in 134 ms]
[2016.04.15-18.50.39:851][643]Cmd: OBJ SAVEPACKAGE PACKAGE="/Game/GameFiles/Blueprints/PlayerCharacter" FILE="D:/Users/1430142/Documents/Unreal Projects/MyProject3/Content/GameFiles/Blueprints/PlayerCharacter.uasset" SILENT=true
[2016.04.15-18.50.40:484][643]LogSavePackage: Save=164.401566ms
[2016.04.15-18.50.40:484][643]LogSavePackage: Moving 'D:/Users/1430142/Documents/Unreal Projects/MyProject3/Saved/PlayerCharacterD5645320449E9325F08E989C7BFAB3EF.tmp' to 'D:/Users/1430142/Documents/Unreal Projects/MyProject3/Content/GameFiles/Blueprints/PlayerCharacter.uasset'
[2016.04.15-18.50.40:487][643]LogSavePackage: Total save time: 634.198472ms
[2016.04.15-18.50.40:487][643]LogSavePackage:Display: Finished SavePackage D:/Users/1430142/Documents/Unreal Projects/MyProject3/Content/GameFiles/Blueprints/PlayerCharacter.uasset
[2016.04.15-18.50.45:547][994]LogActorComponent: UnregisterComponent: (/Engine/Transient.EditorFloorComp) Not registered. Aborting.
[2016.04.15-18.52.35:338][346]BlueprintLog: New page: Compile PlayerCharacter
[2016.04.15-18.52.35:468][346]LogParticles: Destroying 0 GPU particle simulations for FXSystem 0x000000005AE03920
[2016.04.15-18.52.35:469][346]LogParticles: Destroying 0 GPU particle simulations for FXSystem 0x0000000017395120
[2016.04.15-18.52.35:479][346]BlueprintEditorCompileResults: Info The execution path doesn't end with a return node.  Cast Failed 
[2016.04.15-18.52.35:479][346]BlueprintEditorCompileResults: Info The execution path doesn't end with a return node.  Cast Failed 
[2016.04.15-18.52.35:479][346]BlueprintEditorCompileResults: Info The execution path doesn't end with a return node.  Cast Failed 
[2016.04.15-18.52.35:479][346]BlueprintEditorCompileResults: Info The execution path doesn't end with a return node.  Cast Failed 
[2016.04.15-18.52.35:479][346]BlueprintEditorCompileResults: Info The execution path doesn't end with a return node.  Cast Failed 
[2016.04.15-18.52.35:479][346]BlueprintEditorCompileResults: Info The execution path doesn't end with a return node.  EdGraphPin_2363 
[2016.04.15-18.52.35:479][346]BlueprintEditorCompileResults: Info The execution path doesn't end with a return node.  EdGraphPin_2336 
[2016.04.15-18.52.35:479][346]BlueprintEditorCompileResults: Info The execution path doesn't end with a return node.  EdGraphPin_2309 
[2016.04.15-18.52.35:479][346]BlueprintEditorCompileResults: Info The execution path doesn't end with a return node.  EdGraphPin_2282 
[2016.04.15-18.52.35:479][346]BlueprintEditorCompileResults: Info The execution path doesn't end with a return node.  EdGraphPin_2255 
[2016.04.15-18.52.35:479][346]BlueprintEditorCompileResults: Info The execution path doesn't end with a return node.  EdGraphPin_2498 
[2016.04.15-18.52.35:479][346]BlueprintEditorCompileResults: Info The execution path doesn't end with a return node.  EdGraphPin_2471 
[2016.04.15-18.52.35:479][346]BlueprintEditorCompileResults: Info The execution path doesn't end with a return node.  EdGraphPin_2444 
[2016.04.15-18.52.35:479][346]BlueprintEditorCompileResults: Info The execution path doesn't end with a return node.  EdGraphPin_2417 
[2016.04.15-18.52.35:479][346]BlueprintEditorCompileResults: Info The execution path doesn't end with a return node.  EdGraphPin_2390 
[2016.04.15-18.52.35:479][346]BlueprintEditorCompileResults: Info [0236.67] Compile of PlayerCharacter successful! [in 140 ms]
[2016.04.15-18.52.43:005][895]LogBlueprintUserMessages: Early PlayInEditor Detection: Level '/Game/GameFiles/Maps/GameMap.GameMap:PersistentLevel' has LevelScriptBlueprint '/Game/GameFiles/Maps/GameMap.GameMap:PersistentLevel.GameMap' with GeneratedClass '/Game/GameFiles/Maps/GameMap.GameMap_C' with ClassGeneratedBy '/Game/GameFiles/Maps/GameMap.GameMap:PersistentLevel.GameMap'
[2016.04.15-18.52.43:005][895]BlueprintLog: New page: Pre-Play auto-recompile
[2016.04.15-18.52.43:009][895]LogPlayLevel: [PlayLevel] Compiling GameManager before play...
[2016.04.15-18.52.43:074][895]LogPlayLevel: PlayLevel: Blueprint regeneration took 68 ms (1 blueprints)
[2016.04.15-18.52.43:111][895]PIE: New page: PIE session: GameMap (Apr 15, 2016, 10:52:43 AM)
[2016.04.15-18.52.43:111][895]LogPlayLevel: Creating play world package: /Game/GameFiles/Maps/UEDPIE_0_GameMap
[2016.04.15-18.52.43:122][895]LogPlayLevel: PIE: StaticDuplicateObject took: (0.010273s)
[2016.04.15-18.52.43:122][895]LogAIModule: Creating AISystem for world GameMap
[2016.04.15-18.52.43:122][895]LogPlayLevel: PIE: World Init took: (0.000760s)
[2016.04.15-18.52.43:123][895]LogPlayLevel: PIE: Created PIE world by copying editor world from /Game/GameFiles/Maps/GameMap.GameMap to /Game/GameFiles/Maps/UEDPIE_0_GameMap.GameMap (0.011267s)
[2016.04.15-18.52.43:152][895]LogInit: XAudio2 using 'Haut-parleurs (SoundMAX Integrated Digital High Definition Audio)' : 2 channels at 48 kHz using 16 bits per sample (channel mask 0x3)
[2016.04.15-18.52.43:160][895]LogInit: FAudioDevice initialized.
[2016.04.15-18.52.43:215][895]LogWorld: Game class is 'PuzzleGameMode_C'
[2016.04.15-18.52.43:229][895]LogWorld: Bringing World /Game/GameFiles/Maps/UEDPIE_0_GameMap.GameMap up for play (max tick rate 0) at 2016.04.15-14.52.43
[2016.04.15-18.52.43:229][895]LogActor:Warning: GameSession /Game/GameFiles/Maps/UEDPIE_0_GameMap.GameMap:PersistentLevel.GameSession_0 has natively added scene component(s), but none of them were set as the actor's RootComponent - picking one arbitrarily
[2016.04.15-18.52.43:230][895]LogActor:Warning: GameNetworkManager /Game/GameFiles/Maps/UEDPIE_0_GameMap.GameMap:PersistentLevel.GameNetworkManager_0 has natively added scene component(s), but none of them were set as the actor's RootComponent - picking one arbitrarily
[2016.04.15-18.52.43:231][895]LogWorld: Bringing up level for play took: 0.013708
[2016.04.15-18.52.43:238][895]PIE: Info Play in editor start time for /Game/GameFiles/Maps/UEDPIE_0_GameMap 1.137
[2016.04.15-18.52.43:238][895]LogBlueprintUserMessages: Late PlayInEditor Detection: Level '/Game/GameFiles/Maps/GameMap.GameMap:PersistentLevel' has LevelScriptBlueprint '/Game/GameFiles/Maps/GameMap.GameMap:PersistentLevel.GameMap' with GeneratedClass '/Game/GameFiles/Maps/GameMap.GameMap_C' with ClassGeneratedBy '/Game/GameFiles/Maps/GameMap.GameMap:PersistentLevel.GameMap'
[2016.04.15-18.52.45:318][ 26]LogBlueprintUserMessages: Early EndPlayMap Detection: Level '/Game/GameFiles/Maps/GameMap.GameMap:PersistentLevel' has LevelScriptBlueprint '/Game/GameFiles/Maps/GameMap.GameMap:PersistentLevel.GameMap' with GeneratedClass '/Game/GameFiles/Maps/GameMap.GameMap_C' with ClassGeneratedBy '/Game/GameFiles/Maps/GameMap.GameMap:PersistentLevel.GameMap'
[2016.04.15-18.52.45:366][ 26]LogBlueprintUserMessages: Late EndPlayMap Detection: Level '/Game/GameFiles/Maps/GameMap.GameMap:PersistentLevel' has LevelScriptBlueprint '/Game/GameFiles/Maps/GameMap.GameMap:PersistentLevel.GameMap' with GeneratedClass '/Game/GameFiles/Maps/GameMap.GameMap_C' with ClassGeneratedBy '/Game/GameFiles/Maps/GameMap.GameMap:PersistentLevel.GameMap'
[2016.04.15-18.52.45:451][ 27]LogParticles: Destroying 0 GPU particle simulations for FXSystem 0x0000000073E3D440
[2016.04.15-18.52.46:678][113]LogActorComponent: UnregisterComponent: (/Engine/Transient.EditorFloorComp) Not registered. Aborting.
[2016.04.15-18.52.47:779][235]LogBlueprintUserMessages: Early PlayInEditor Detection: Level '/Game/GameFiles/Maps/GameMap.GameMap:PersistentLevel' has LevelScriptBlueprint '/Game/GameFiles/Maps/GameMap.GameMap:PersistentLevel.GameMap' with GeneratedClass '/Game/GameFiles/Maps/GameMap.GameMap_C' with ClassGeneratedBy '/Game/GameFiles/Maps/GameMap.GameMap:PersistentLevel.GameMap'
[2016.04.15-18.52.47:779][235]LogPlayLevel: PlayLevel: No blueprints needed recompiling
[2016.04.15-18.52.47:779][235]PIE: New page: PIE session: GameMap (Apr 15, 2016, 10:52:47 AM)
[2016.04.15-18.52.47:779][235]LogPlayLevel: Creating play world package: /Game/GameFiles/Maps/UEDPIE_0_