[2016.04.13-16.19.17:143][  0]Log file open, 04/13/16 12:19:17
[2016.04.13-16.19.17:143][  0]LogInit:Display: Running engine for game: MyProject3
[2016.04.13-16.19.17:143][  0]LogPlatformFile: Not using cached read wrapper
[2016.04.13-16.19.17:143][  0]LogInit:Display: RandInit(-1705843376) SRandInit(-1705843375).
[2016.04.13-16.19.17:143][  0]LogTaskGraph: Started task graph with 4 named threads and 7 total threads.
[2016.04.13-16.19.17:143][  0]LogStats: Stats thread started at 0.268824
[2016.04.13-16.19.17:143][  0]LogInit: Version: 4.10.1-2791327+++depot+UE4-Releases+4.10
[2016.04.13-16.19.17:143][  0]LogInit: API Version: 2758231
[2016.04.13-16.19.17:143][  0]LogInit: Compiled (64-bit): Dec  4 2015 19:44:40
[2016.04.13-16.19.17:143][  0]LogInit: Compiled with Visual C++: 19.00.23026.00
[2016.04.13-16.19.17:143][  0]LogInit: Build Configuration: Development
[2016.04.13-16.19.17:143][  0]LogInit: Branch Name: ++depot+UE4-Releases+4.10
[2016.04.13-16.19.17:143][  0]LogInit: Command line:  
[2016.04.13-16.19.17:143][  0]LogInit: Base directory: C:/Program Files/Unreal Engine/4.10/Engine/Binaries/Win64/
[2016.04.13-16.19.17:143][  0]LogInit: Rocket: 1
[2016.04.13-16.19.17:237][  0]LogInit: Using libcurl 7.41.0
[2016.04.13-16.19.17:237][  0]LogInit:  - built for x86_64-pc-win32
[2016.04.13-16.19.17:237][  0]LogInit:  - supports SSL with WinSSL
[2016.04.13-16.19.17:237][  0]LogInit:  - other features:
[2016.04.13-16.19.17:237][  0]LogInit:      CURL_VERSION_SSL
[2016.04.13-16.19.17:237][  0]LogInit:      CURL_VERSION_IPV6
[2016.04.13-16.19.17:237][  0]LogInit:      CURL_VERSION_ASYNCHDNS
[2016.04.13-16.19.17:237][  0]LogInit:      CURL_VERSION_LARGEFILE
[2016.04.13-16.19.17:237][  0]LogInit:      CURL_VERSION_IDN
[2016.04.13-16.19.17:237][  0]LogInit:  CurlRequestOptions (configurable via config and command line):
[2016.04.13-16.19.17:237][  0]LogInit:  - bVerifyPeer = true  - Libcurl will verify peer certificate
[2016.04.13-16.19.17:237][  0]LogInit:  - bUseHttpProxy = false  - Libcurl will NOT use HTTP proxy
[2016.04.13-16.19.17:237][  0]LogInit:  - bDontReuseConnections = false  - Libcurl will reuse connections
[2016.04.13-16.19.17:237][  0]LogInit:  - CertBundlePath = nullptr  - Libcurl will use whatever was configured at build time.
[2016.04.13-16.19.17:299][  0]LogInit: Presizing for 0 objects not considered by GC, pre-allocating 0 bytes.
[2016.04.13-16.19.17:315][  0]LogInit: Object subsystem initialized
[2016.04.13-16.19.17:330][  0]LogInit: Selected Device Profile: [Windows]
[2016.04.13-16.19.17:330][  0]LogInit: Applying CVar settings loaded from the selected device profile: [Windows]
[2016.04.13-16.19.17:361][  0]LogInit: Computer: P-07
[2016.04.13-16.19.17:361][  0]LogInit: User: 1430142
[2016.04.13-16.19.17:361][  0]LogInit: CPU Page size=4096, Cores=4
[2016.04.13-16.19.17:361][  0]LogInit: High frequency timer resolution =2.994931 MHz
[2016.04.13-16.19.17:361][  0]LogMemory: Memory total: Physical=12.0GB (12GB approx)
[2016.04.13-16.19.17:361][  0]LogMemory: Platform Memory Stats for Windows
[2016.04.13-16.19.17:361][  0]LogMemory: Process Physical Memory: 56.24 MB used, 56.24 MB peak
[2016.04.13-16.19.17:361][  0]LogMemory: Process Virtual Memory: 56.65 MB used, 56.65 MB peak
[2016.04.13-16.19.17:361][  0]LogMemory: Physical Memory: 2581.80 MB used, 12285.55 MB total
[2016.04.13-16.19.17:361][  0]LogMemory: Virtual Memory: 350.93 MB used, 8388608.00 MB total
[2016.04.13-16.19.17:625][  0]LogTextLocalizationManager: No translations for ('fr-CA') exist, falling back to 'en' for localization and internationalization data.
[2016.04.13-16.19.18:149][  0]LogD3D11RHI: Found D3D11 adapter 0: NVIDIA GeForce GTX 660   (Feature Level 11_0)
[2016.04.13-16.19.18:149][  0]LogD3D11RHI: Adapter has 1988MB of dedicated video memory, 0MB of dedicated system memory, and 2048MB of shared system memory, 1 output[s]
[2016.04.13-16.19.18:149][  0]LogD3D11RHI: Chosen D3D11 Adapter Id = 0
[2016.04.13-16.19.18:152][  0]LogD3D11RHI: !Direct3DDevice
[2016.04.13-16.19.18:153][  0]LogRHI: Texture pool is 1361 MB (70% of 1945 MB)
[2016.04.13-16.19.18:162][  0]LogD3D11RHI: Async texture creation enabled
[2016.04.13-16.19.18:185][  0]LogShaderCompilers: Guid format shader working directory is -5 characters bigger than the processId version (D:/Users/1430142/Documents/Unreal Projects/MyProject3/Intermediate/Shaders/WorkingDirectory/6424/).
[2016.04.13-16.19.18:185][  0]LogShaderCompilers: Cleaned the shader compiler working directory 'D:/Users/1430142/AppData/Local/Temp/UnrealShaderWorkingDir/1C1E9A754D2E32DCA6FD629E2A1B9106/'.
[2016.04.13-16.19.18:185][  0]LogShaderCompilers:Display: Using Local Shader Compiler.
[2016.04.13-16.19.19:665][  0]LogTemp:Display: Loaded TP AllDesktopTargetPlatform
[2016.04.13-16.19.19:670][  0]LogTemp:Display: Loaded TP WindowsClientTargetPlatform
[2016.04.13-16.19.19:675][  0]LogTemp:Display: Loaded TP WindowsNoEditorTargetPlatform
[2016.04.13-16.19.19:680][  0]LogTemp:Display: Loaded TP WindowsServerTargetPlatform
[2016.04.13-16.19.19:685][  0]LogTemp:Display: Loaded TP WindowsTargetPlatform
[2016.04.13-16.19.19:691][  0]LogTemp:Display: Loaded TP AndroidTargetPlatform
[2016.04.13-16.19.19:695][  0]LogTemp:Display: Loaded TP Android_ASTCTargetPlatform
[2016.04.13-16.19.19:698][  0]LogTemp:Display: Loaded TP Android_ATCTargetPlatform
[2016.04.13-16.19.19:701][  0]LogTemp:Display: Loaded TP Android_DXTTargetPlatform
[2016.04.13-16.19.19:705][  0]LogTemp:Display: Loaded TP Android_ETC1TargetPlatform
[2016.04.13-16.19.19:708][  0]LogTemp:Display: Loaded TP Android_ETC2TargetPlatform
[2016.04.13-16.19.19:716][  0]LogTemp:Display: Loaded TP Android_MultiTargetPlatform
[2016.04.13-16.19.19:716][  0]LogTemp:Display: Loaded TP Android_PVRTCTargetPlatform
[2016.04.13-16.19.19:718][  0]LogTemp:Display: Loaded TP HTML5TargetPlatform
[2016.04.13-16.19.19:759][  0]LogTemp:Display: Loaded TP IOSTargetPlatform
[2016.04.13-16.19.19:762][  0]LogTemp:Display: Loaded TP LinuxNoEditorTargetPlatform
[2016.04.13-16.19.19:765][  0]LogTemp:Display: Loaded TP LinuxServerTargetPlatform
[2016.04.13-16.19.19:771][  0]LogTemp:Display: Loaded TP LinuxTargetPlatform
[2016.04.13-16.19.19:771][  0]LogTargetPlatformManager:Display: Building Assets For Windows
[2016.04.13-16.19.20:145][  0]LogDerivedDataCache:Display: Max Cache Size: 512 MB
[2016.04.13-16.19.20:587][  0]LogDerivedDataCache: Loaded boot cache 0.44s 41MB D:/Users/1430142/AppData/Local/UnrealEngine/4.10/DerivedDataCache/Boot.ddc.
[2016.04.13-16.19.20:587][  0]LogDerivedDataCache:Display: Loaded Boot cache: D:/Users/1430142/AppData/Local/UnrealEngine/4.10/DerivedDataCache/Boot.ddc
[2016.04.13-16.19.20:587][  0]LogDerivedDataCache: FDerivedDataBackendGraph:  Pak pak cache file D:/Users/1430142/Documents/Unreal Projects/MyProject3/DerivedDataCache/DDC.ddp not found, will not use a pak cache.
[2016.04.13-16.19.20:587][  0]LogDerivedDataCache: Unable to find inner node Pak for hierarchical cache Hierarchy.
[2016.04.13-16.19.20:587][  0]LogDerivedDataCache: FDerivedDataBackendGraph:  CompressedPak pak cache file D:/Users/1430142/Documents/Unreal Projects/MyProject3/DerivedDataCache/Compressed.ddp not found, will not use a pak cache.
[2016.04.13-16.19.20:587][  0]LogDerivedDataCache: Unable to find inner node CompressedPak for hierarchical cache Hierarchy.
[2016.04.13-16.19.20:670][  0]LogDerivedDataCache:Display: Pak cache opened for reading ../../../Engine/DerivedDataCache/Compressed.ddp.
[2016.04.13-16.19.20:701][  0]LogDerivedDataCache: Using Local data cache path D:/Users/1430142/AppData/Local/UnrealEngine/Common/DerivedDataCache: Writable
[2016.04.13-16.19.25:169][  0]LogInit: Selected Device Profile: [Windows]
[2016.04.13-16.19.25:172][  0]LogContentStreaming: Texture pool size is 0.000000MB
[2016.04.13-16.19.25:267][  0]LogMeshUtilities: No automatic mesh reduction module available
[2016.04.13-16.19.25:267][  0]LogMeshUtilities: No automatic mesh merging module available
[2016.04.13-16.19.25:841][  0]LogInit: WinSock: version 1.1 (2.2), MaxSocks=32767, MaxUdp=65467
[2016.04.13-16.19.27:837][  0]UdpMessaging: Initializing bridge on interface 0.0.0.0:0 to multicast group 230.0.0.1:6666.
[2016.04.13-16.19.27:964][  0]LogAssetRegistry: FAssetRegistry took 0.0105 seconds to start up
[2016.04.13-16.19.28:189][  0]SourceControl: Info Source control is disabled
[2016.04.13-16.19.28:341][  0]SourceControl: Info Source control is disabled
[2016.04.13-16.19.28:353][  0]SourceControl: Info Source control is disabled
[2016.04.13-16.19.28:365][  0]SourceControl: Info Source control is disabled
[2016.04.13-16.19.28:668][  0]LogObj: 28633 objects as part of root set at end of initial load.
[2016.04.13-16.19.28:668][  0]LogUObjectAllocator: 6099744 out of 0 bytes used by permanent object pool.
[2016.04.13-16.19.28:751][  0]LogEngine: Initializing Engine...
[2016.04.13-16.19.28:755][  0]LogHMD: Can't find Oculus library dev build: is proper Runtime installed? Version: 0.8.0.0
[2016.04.13-16.19.28:761][  0]LogHMD: SteamVR failed to initialize.  Err: 110
[2016.04.13-16.19.28:946][  0]LogAIModule: Creating AISystem for world NewWorld
[2016.04.13-16.19.28:971][  0]LogInit: XAudio2 using 'Haut-parleurs (SoundMAX Integrated Digital High Definition Audio)' : 2 channels at 48 kHz using 16 bits per sample (channel mask 0x3)
[2016.04.13-16.19.28:994][  0]LogInit: FAudioDevice initialized.
[2016.04.13-16.19.29:016][  0]LogDerivedDataCache: Saved boot cache 0.02s 41MB D:/Users/1430142/AppData/Local/UnrealEngine/4.10/DerivedDataCache/Boot.ddc.
[2016.04.13-16.19.29:023][  0]LogInit: Texture streaming: Enabled
[2016.04.13-16.19.29:030][  0]LogAnalytics: Creating configured Analytics provider AnalyticsET
[2016.04.13-16.19.29:030][  0]LogAnalytics: [UEEditor.Rocket.Release] APIServer = http://et2.epicgames.com/ET2/. AppVersion = 4.10.1-2791327+++depot+UE4-Releases+4.10
[2016.04.13-16.19.29:030][  0]LogAnalytics: [UEEditor.Rocket.Release] SetUserId f7213e014d0e76ad67ef9b99f2012b40|92d60a46dac64f03a93b45fd720c8f45|a8ee2a86-ee0c-474e-bc4c-aee467c7ba25
[2016.04.13-16.19.29:031][  0]LogAnalytics: [UEEditor.Rocket.Release] AnalyticsET::StartSession
[2016.04.13-16.19.29:371][  0]LogInit: Transaction tracking system initialized
[2016.04.13-16.19.29:402][  0]BlueprintLog: New page: Editor Load
[2016.04.13-16.19.29:498][  0]LocalizationService: Info Localization service is disabled
[2016.04.13-16.19.29:566][  0]LogLinker:Warning: Can't find file '/Game/PuzzleBP/Tutorial/Part1-Overview'
[2016.04.13-16.19.29:566][  0]LogLinker:Warning: Can't find file '/Game/PuzzleBP/Tutorial/Part1-Overview'
[2016.04.13-16.19.29:566][  0]LogUObjectGlobals:Warning: Failed to find object 'Class /Game/PuzzleBP/Tutorial/Part1-Overview.Part1-Overview_C'
[2016.04.13-16.19.29:566][  0]LogLinker:Warning: Can't find file '/Game/PuzzleBP/Tutorial/Part2-BlockBlueprint'
[2016.04.13-16.19.29:566][  0]LogLinker:Warning: Can't find file '/Game/PuzzleBP/Tutorial/Part2-BlockBlueprint'
[2016.04.13-16.19.29:566][  0]LogUObjectGlobals:Warning: Failed to find object 'Class /Game/PuzzleBP/Tutorial/Part2-BlockBlueprint.Part2-BlockBlueprint_C'
[2016.04.13-16.19.29:585][  0]LogConsoleResponse:Display: 
[2016.04.13-16.19.29:764][  0]LogCook:Display: Done creating registry. It took  0.00s.
[2016.04.13-16.19.29:786][  0]LogFileCache: Scanning file cache for directory 'D:/Users/1430142/Documents/Unreal Projects/MyProject3/Content/' took 0.01s
[2016.04.13-16.19.29:831][  0]SourceControl: Info Source control is disabled
[2016.04.13-16.19.29:832][  0]Cmd: MAP LOAD FILE="D:/Users/1430142/Documents/Unreal Projects/MyProject3/Content/PuzzleBP/Maps/TitleScreen.umap" TEMPLATE=0 SHOWPROGRESS=1 FEATURELEVEL=3
[2016.04.13-16.19.29:832][  0]LogEditorServer:Warning: Can't find file 'D:/Users/1430142/Documents/Unreal Projects/MyProject3/Content/PuzzleBP/Maps/TitleScreen.umap'
[2016.04.13-16.19.29:832][  0]Cmd: MAP CHECKDEP NOCLEARLOG
[2016.04.13-16.19.29:886][  0]MapCheck: Info Map check complete: 0 Error(s), 0 Warning(s), took 53.862ms to complete.
[2016.04.13-16.19.29:886][  0]LogFileHelpers: Loading map 'TitleScreen' took 0.054
[2016.04.13-16.19.30:003][  0]LogCollectionManager: Loaded 0 collections in 0.002020 seconds
[2016.04.13-16.19.30:040][  0]LogFileCache: Scanning file cache for directory 'D:/Users/1430142/Documents/Unreal Projects/MyProject3/Saved/Collections/' took 0.01s
[2016.04.13-16.19.30:040][  0]LogFileCache: Scanning file cache for directory 'D:/Users/1430142/Documents/Unreal Projects/MyProject3/Content/Developers/1430142/Collections/' took 0.01s
[2016.04.13-16.19.30:040][  0]LogFileCache: Scanning file cache for directory 'D:/Users/1430142/Documents/Unreal Projects/MyProject3/Content/Collections/' took 0.01s
[2016.04.13-16.19.30:040][  0]LogCollectionManager: Rebuilt the GUID cache for 0 collections in 0.000004 seconds
[2016.04.13-16.19.30:049][  0]LogContentBrowser: Native class hierarchy populated in 0.0091 seconds. Added 1893 classes and 338 folders.
[2016.04.13-16.19.30:056][  0]LogContentBrowser: Native class hierarchy updated for 'WidgetCarousel' in 0.0004 seconds. Added 0 classes and 0 folders.
[2016.04.13-16.19.30:198][  0]LogContentBrowser: Native class hierarchy updated for 'AddContentDialog' in 0.0004 seconds. Added 0 classes and 0 folders.
[2016.04.13-16.19.30:203][  0]LogContentBrowser: Native class hierarchy updated for 'SceneOutliner' in 0.0003 seconds. Added 1 classes and 2 folders.
[2016.04.13-16.19.30:277][  0]LogCrashTracker: Crashtracker disabled due to settings.
[2016.04.13-16.19.30:286][  0]LogUObjectGlobals:Warning: Failed to find object 'Class None.'
[2016.04.13-16.19.30:307][  0]LogLoad: Full Startup: 14.40 seconds (BP compile: 0.02 seconds)
[2016.04.13-16.19.30:322][  0]LogOcInput: Can't find Oculus library dev build: is proper Runtime installed? Version: 0.8.0.0
[2016.04.13-16.19.30:378][  0]LogContentStreaming: Texture pool size now 1000 MB
[2016.04.13-16.19.30:548][  0]LogRenderer: Reallocating scene render targets to support 1204x612 (Frame:2).
[2016.04.13-16.19.31:005][  1]LogAssetRegistry: Asset discovery search completed in 3.0516 seconds
[2016.04.13-16.19.31:005][  1]LogCollectionManager: Rebuilt the object cache for 0 collections in 0.000001 seconds (found 0 objects)
[2016.04.13-16.19.31:005][  1]LogCollectionManager: Fixed up redirectors for 0 collections in 0.000031 seconds (updated 0 objects)
[2016.04.13-16.20.17:404][343]LogAIModule: Creating AISystem for world GameMap
[2016.04.13-16.20.17:471][343]Cmd: MAP LOAD FILE="D:/Users/1430142/Documents/Unreal Projects/MyProject3/Content/GameFiles/Maps/GameMap.umap" TEMPLATE=0 SHOWPROGRESS=1 FEATURELEVEL=3
[2016.04.13-16.20.17:471][343]LightingResults: New page: Lighting Build
[2016.04.13-16.20.17:474][343]LogContentBrowser: Native class hierarchy updated for 'StatsViewer' in 0.0004 seconds. Added 5 classes and 0 folders.
[2016.04.13-16.20.17:494][343]LoadErrors: New page: Loading map: GameMap.umap
[2016.04.13-16.20.17:495][343]MapCheck: New page: Map Check
[2016.04.13-16.20.17:495][343]LightingResults: New page: Lighting Build
[2016.04.13-16.20.17:509][343]LogParticles: Destroying 0 GPU particle simulations for FXSystem 0x0000000023E0B420
[2016.04.13-16.20.17:583][343]LogEditorServer: Finished looking for orphan Actors (0.000 secs)
[2016.04.13-16.20.17:609][343]Cmd: MAP CHECKDEP NOCLEARLOG
[2016.04.13-16.20.17:674][343]MapCheck: Info Map check complete: 0 Error(s), 0 Warning(s), took 63.824ms to complete.
[2016.04.13-16.20.17:675][343]LogFileHelpers: Loading map 'GameMap' took 0.205
[2016.04.13-16.20.21:101][740]LogBlueprintUserMessages: Early PlayInEditor Detection: Level '/Game/GameFiles/Maps/GameMap.GameMap:PersistentLevel' has LevelScriptBlueprint '/Game/GameFiles/Maps/GameMap.GameMap:PersistentLevel.GameMap' with GeneratedClass '/Game/GameFiles/Maps/GameMap.GameMap_C' with ClassGeneratedBy '/Game/GameFiles/Maps/GameMap.GameMap:PersistentLevel.GameMap'
[2016.04.13-16.20.21:101][740]LogPlayLevel: PlayLevel: No blueprints needed recompiling
[2016.04.13-16.20.21:104][740]PIE: New page: PIE session: GameMap (Apr 13, 2016, 8:20:21 AM)
[2016.04.13-16.20.21:104][740]LogPlayLevel: Creating play world package: /Game/GameFiles/Maps/UEDPIE_0_GameMap
[2016.04.13-16.20.21:115][740]LogPlayLevel: PIE: StaticDuplicateObject took: (0.010926s)
[2016.04.13-16.20.21:116][740]LogAIModule: Creating AISystem for world GameMap
[2016.04.13-16.20.21:116][740]LogPlayLevel: PIE: World Init took: (0.000758s)
[2016.04.13-16.20.21:116][740]LogPlayLevel: PIE: Created PIE world by copying editor world from /Game/GameFiles/Maps/GameMap.GameMap to /Game/GameFiles/Maps/UEDPIE_0_GameMap.GameMap (0.012205s)
[2016.04.13-16.20.21:131][740]LogInit: XAudio2 using 'Haut-parleurs (SoundMAX Integrated Digital High Definition Audio)' : 2 channels at 48 kHz using 16 bits per sample (channel mask 0x3)
[2016.04.13-16.20.21:136][740]LogInit: FAudioDevice initialized.
[2016.04.13-16.20.21:188][740]LogWorld: Game class is 'PuzzleGameMode_C'
[2016.04.13-16.20.21:203][740]LogWorld: Bringing World /Game/GameFiles/Maps/UEDPIE_0_GameMap.GameMap up for play (max tick rate 0) at 2016.04.13-12.20.21
[2016.04.13-16.20.21:203][740]LogActor:Warning: GameSession /Game/GameFiles/Maps/UEDPIE_0_GameMap.GameMap:PersistentLevel.GameSession_0 has natively added scene component(s), but none of them were set as the actor's RootComponent - picking one arbitrarily
[2016.04.13-16.20.21:203][740]LogActor:Warning: GameNetworkManager /Game/GameFiles/Maps/UEDPIE_0_GameMap.GameMap:PersistentLevel.GameNetworkManager_0 has natively added scene component(s), but none of them were set as the actor's RootComponent - picking one arbitrarily
[2016.04.13-16.20.21:204][740]LogWorld: Bringing up level for play took: 0.013205
[2016.04.13-16.20.21:211][740]PIE: Info Play in editor start time for /Game/GameFiles/Maps/UEDPIE_0_GameMap -0.417
[2016.04.13-16.20.21:212][740]LogBlueprintUserMessages: Late PlayInEditor Detection: Level '/Game/GameFiles/Maps/GameMap.GameMap:PersistentLevel' has LevelScriptBlueprint '/Game/GameFiles/Maps/GameMap.GameMap:PersistentLevel.GameMap' with GeneratedClass '/Game/GameFiles/Maps/GameMap.GameMap_C' with ClassGeneratedBy '/Game/GameFiles/Maps/GameMap.GameMap:PersistentLevel.GameMap'
[2016.04.13-16.20.23:276][979]LogBlueprintUserMessages: Early EndPlayMap Detection: Level '/Game/GameFiles/Maps/GameMap.GameMap:PersistentLevel' has LevelScriptBlueprint '/Game/GameFiles/Maps/GameMap.GameMap:PersistentLevel.GameMap' with GeneratedClass '/Game/GameFiles/Maps/GameMap.GameMap_C' with ClassGeneratedBy '/Game/GameFiles/Maps/GameMap.GameMap:PersistentLevel.GameMap'
[2016.04.13-16.20.23:317][979]LogBlueprintUserMessages: Late EndPlayMap Detection: Level '/Game/GameFiles/Maps/GameMap.GameMap:PersistentLevel' has LevelScriptBlueprint '/Game/GameFiles/Maps/GameMap.GameMap:PersistentLevel.GameMap' with GeneratedClass '/Game/GameFiles/Maps/GameMap.GameMap_C' with ClassGeneratedBy '/Game/GameFiles/Maps/GameMap.GameMap:PersistentLevel.GameMap'
[2016.04.13-16.20.23:332][979]LogParticles: Destroying 0 GPU particle simulations for FXSystem 0x000000002BCCAF20
[2016.04.13-16.20.26:420][315]Cmd: QUIT_EDITOR
[2016.04.13-16.20.26:560][315]LogExit: Preparing to exit.
[2016.04.13-16.20.26:918][315]LogExit: Editor shut down
[2016.04.13-16.20.26:918][315]LogExit: Transaction tracking system shut down
[2016.04.13-16.20.26:919][315]LogParticles: Destroying 0 GPU particle simulations for FXSystem 0x000000001208FE20
[2016.04.13-16.20.26:919][315]LogParticles: Destroying 0 GPU particle simulations for FXSystem 0x00000000143E3420
[2016.04.13-16.20.26:923][315]LogParticles: Destroying 0 GPU particle simulations for FXSystem 0x000000001C8B9300
[2016.04.13-16.20.26:923][315]LogParticles: Destroying 0 GPU particle simulations for FXSystem 0x000000002A90A660
[2016.04.13-16.20.27:080][315]LogExit: Object subsystem successfully closed.
[2016.04.13-16.20.27:104][315]LogD3D11RHI: Shutdown
[2016.04.13-16.20.27:104][315]LogD3D11RHI: CleanupD3DDevice
[2016.04.13-16.20.27:143][315]LogD3D11RHI: ~FD3D11DynamicRHI
[2016.04.13-16.20.27:162][315]LogModuleManager: Shutting down and abandoning module StatsViewer (198)
[2016.04.13-16.20.27:162][315]LogModuleManager: Shutting down and abandoning module CrashTracker (197)
[2016.04.13-16.20.27:162][315]LogModuleManager: Shutting down and abandoning module SceneOutliner (196)
[2016.04.13-16.20.27:162][315]LogModuleManager: Shutting down and abandoning module SuperSearch (195)
[2016.04.13-16.20.27:162][315]LogModuleManager: Shutting down and abandoning module WidgetCarousel (194)
[2016.04.13-16.20.27:162][315]LogModuleManager: Shutting down and abandoning module AddContentDialog (193)
[2016.04.13-16.20.27:163][315]LogModuleManager: Shutting down and abandoning module EditorWidgets (192)
[2016.04.13-16.20.27:163][315]LogModuleManager: Shutting down and abandoning module CollectionManager (191)
[2016.04.13-16.20.27:164][315]LogModuleManager: Shutting down and abandoning module FoliageEdit (190)
[2016.04.13-16.20.27:164][315]LogModuleManager: Shutting down and abandoning module LandscapeEditor (189)
[2016.04.13-16.20.27:164][315]LogModuleManager: Shutting down and abandoning module ActorPickerMode (188)
[2016.04.13-16.20.27:164][315]LogModuleManager: Shutting down and abandoning module GeometryMode (187)
[2016.04.13-16.20.27:164][315]LogModuleManager: Shutting down and abandoning module TextureAlignMode (186)
[2016.04.13-16.20.27:164][315]LogModuleManager: Shutting down and abandoning module BspMode (185)
[2016.04.13-16.20.27:164][315]LogModuleManager: Shutting down and abandoning module PlacementMode (184)
[2016.04.13-16.20.27:164][315]LogModuleManager: Shutting down and abandoning module AutomationWorker (183)
[2016.04.13-16.20.27:164][315]LogModuleManager: Shutting down and abandoning module CharacterAI (182)
[2016.04.13-16.20.27:164][315]LogModuleManager: Shutting down and abandoning module SmartSnapping (181)
[2016.04.13-16.20.27:164][315]LogModuleManager: Shutting down and abandoning module ViewportSnapping (180)
[2016.04.13-16.20.27:164][315]LogModuleManager: Shutting down and abandoning module LogVisualizer (179)
[2016.04.13-16.20.27:164][315]LogModuleManager: Shutting down and abandoning module GameProjectGeneration (178)
[2016.04.13-16.20.27:164][315]LogModuleManager: Shutting down and abandoning module IntroTutorials (177)
[2016.04.13-16.20.27:164][315]LogModuleManager: Shutting down and abandoning module EditorLiveStreaming (176)
[2016.04.13-16.20.27:164][315]LogModuleManager: Shutting down and abandoning module IOSPlatformEditor (175)
[2016.04.13-16.20.27:164][315]LogModuleManager: Shutting down and abandoning module HTML5PlatformEditor (174)
[2016.04.13-16.20.27:164][315]LogModuleManager: Shutting down and abandoning module AndroidDeviceDetection (173)
[2016.04.13-16.20.27:554][315]LogModuleManager: Shutting down and abandoning module AndroidPlatformEditor (172)
[2016.04.13-16.20.27:554][315]LogModuleManager: Shutting down and abandoning module IOSRuntimeSettings (171)
[2016.04.13-16.20.27:554][315]LogModuleManager: Shutting down and abandoning module AndroidRuntimeSettings (170)
[2016.04.13-16.20.27:554][315]LogModuleManager: Shutting down and abandoning module MergeActors (169)
[2016.04.13-16.20.27:554][315]LogModuleManager: Shutting down and abandoning module SizeMap (168)
[2016.04.13-16.20.27:554][315]LogModuleManager: Shutting down and abandoning module TreeMap (167)
[2016.04.13-16.20.27:554][315]LogModuleManager: Shutting down and abandoning module ReferenceViewer (166)
[2016.04.13-16.20.27:554][315]LogModuleManager: Shutting down and abandoning module LocalizationService (165)
[2016.04.13-16.20.27:554][315]LogModuleManager: Shutting down and abandoning module LocalizationDashboard (164)
[2016.04.13-16.20.27:554][315]LogModuleManager: Shutting down and abandoning module HardwareTargeting (163)
[2016.04.13-16.20.27:554][315]LogModuleManager: Shutting down and abandoning module DeviceProfileEditor (162)
[2016.04.13-16.20.27:554][315]LogModuleManager: Shutting down and abandoning module UndoHistory (161)
[2016.04.13-16.20.27:555][315]LogModuleManager: Shutting down and abandoning module GameplayTagsEditor (160)
[2016.04.13-16.20.27:555][315]LogModuleManager: Shutting down and abandoning module UserFeedback (159)
[2016.04.13-16.20.27:555][315]LogModuleManager: Shutting down and abandoning module XmlParser (158)
[2016.04.13-16.20.27:555][315]LogModuleManager: Shutting down and abandoning module Blutility (157)
[2016.04.13-16.20.27:555][315]LogModuleManager: Shutting down and abandoning module ProjectTargetPlatformEditor (156)
[2016.04.13-16.20.27:555][315]LogModuleManager: Shutting down and abandoning module ProjectSettingsViewer (155)
[2016.04.13-16.20.27:555][315]LogModuleManager: Shutting down and abandoning module InputBindingEditor (154)
[2016.04.13-16.20.27:555][315]LogModuleManager: Shutting down and abandoning module EditorSettingsViewer (153)
[2016.04.13-16.20.27:555][315]LogModuleManager: Shutting down and abandoning module SettingsEditor (152)
[2016.04.13-16.20.27:555][315]LogModuleManager: Shutting down and abandoning module ProjectLauncher (151)
[2016.04.13-16.20.27:555][315]LogModuleManager: Shutting down and abandoning module SessionFrontend (150)
[2016.04.13-16.20.27:555][315]LogModuleManager: Shutting down and abandoning module ProfilerClient (149)
[2016.04.13-16.20.27:555][315]LogModuleManager: Shutting down and abandoning module TargetDeviceServices (148)
[2016.04.13-16.20.27:555][315]LogModuleManager: Shutting down and abandoning module DeviceManager (147)
[2016.04.13-16.20.27:555][315]LogModuleManager: Shutting down and abandoning module AutomationController (146)
[2016.04.13-16.20.27:555][315]LogModuleManager: Shutting down and abandoning module AutomationWindow (145)
[2016.04.13-16.20.27:555][315]LogModuleManager: Shutting down and abandoning module Layers (144)
[2016.04.13-16.20.27:555][315]LogModuleManager: Shutting down and abandoning module ComponentVisualizers (143)
[2016.04.13-16.20.27:555][315]LogModuleManager: Shutting down and abandoning module DetailCustomizations (142)
[2016.04.13-16.20.27:555][315]LogModuleManager: Shutting down and abandoning module PackagesDialog (141)
[2016.04.13-16.20.27:555][315]LogModuleManager: Shutting down and abandoning module Persona (140)
[2016.04.13-16.20.27:555][315]LogModuleManager: Shutting down and abandoning module Kismet (139)
[2016.04.13-16.20.27:555][315]LogModuleManager: Shutting down and abandoning module GraphEditor (138)
[2016.04.13-16.20.27:556][315]LogModuleManager: Shutting down and abandoning module ClassViewer (137)
[2016.04.13-16.20.27:556][315]LogModuleManager: Shutting down and abandoning module Toolbox (136)
[2016.04.13-16.20.27:556][315]LogModuleManager: Shutting down and abandoning module ModuleUI (135)
[2016.04.13-16.20.27:556][315]LogModuleManager: Shutting down and abandoning module MovieSceneTools (134)
[2016.04.13-16.20.27:556][315]LogModuleManager: Shutting down and abandoning module OutputLog (133)
[2016.04.13-16.20.27:556][315]LogModuleManager: Shutting down and abandoning module GammaUI (132)
[2016.04.13-16.20.27:556][315]LogModuleManager: Shutting down and abandoning module Documentation (131)
[2016.04.13-16.20.27:556][315]LogModuleManager: Shutting down and abandoning module GameLiveStreaming (130)
[2016.04.13-16.20.27:556][315]LogModuleManager: Shutting down and abandoning module StreamingPauseRendering (129)
[2016.04.13-16.20.27:556][315]LogModuleManager: Shutting down and abandoning module AnalyticsET (128)
[2016.04.13-16.20.27:556][315]LogModuleManager: Shutting down and abandoning module Analytics (127)
[2016.04.13-16.20.27:556][315]LogModuleManager: Shutting down and abandoning module AITestSuite (126)
[2016.04.13-16.20.27:556][315]LogModuleManager: Shutting down and abandoning module GameplayDebugger (125)
[2016.04.13-16.20.27:556][315]LogModuleManager: Shutting down and abandoning module AIModule (124)
[2016.04.13-16.20.27:556][315]LogModuleManager: Shutting down and abandoning module ProfilerService (123)
[2016.04.13-16.20.27:691][315]LogModuleManager: Shutting down and abandoning module TaskGraph (122)
[2016.04.13-16.20.27:691][315]LogModuleManager: Shutting down and abandoning module SlateRemote (121)
[2016.04.13-16.20.27:691][315]LogModuleManager: Shutting down and abandoning module SteamVRController (120)
[2016.04.13-16.20.27:691][315]LogModuleManager: Shutting down and abandoning module SteamVR (119)
[2016.04.13-16.20.27:691][315]LogModuleManager: Shutting down and abandoning module ProceduralMeshComponent (118)
[2016.04.13-16.20.27:691][315]LogModuleManager: Shutting down and abandoning module OculusLibrary (117)
[2016.04.13-16.20.27:691][315]LogModuleManager: Shutting down and abandoning module OculusInput (116)
[2016.04.13-16.20.27:691][315]LogModuleManager: Shutting down and abandoning module LeapMotionController (115)
[2016.04.13-16.20.27:698][315]LogModuleManager: Shutting down and abandoning module CustomMeshComponent (114)
[2016.04.13-16.20.27:698][315]LogModuleManager: Shutting down and abandoning module CableComponent (113)
[2016.04.13-16.20.27:698][315]LogModuleManager: Shutting down and abandoning module ArchVisCharacter (112)
[2016.04.13-16.20.27:698][315]LogModuleManager: Shutting down and abandoning module MessagingDebugger (111)
[2016.04.13-16.20.27:698][315]LogModuleManager: Shutting down and abandoning module MediaPlayerEditor (110)
[2016.04.13-16.20.27:698][315]LogModuleManager: Shutting down and abandoning module HTML5Networking (109)
[2016.04.13-16.20.27:698][315]LogModuleManager: Shutting down and abandoning module SpeedTreeImporter (108)
[2016.04.13-16.20.27:698][315]LogModuleManager: Shutting down and abandoning module PluginBrowser (107)
[2016.04.13-16.20.27:698][315]LogModuleManager: Shutting down and abandoning module EpicSurvey (106)
[2016.04.13-16.20.27:698][315]LogModuleManager: Shutting down and abandoning module DesktopPlatform (105)
[2016.04.13-16.20.27:699][315]LogModuleManager: Shutting down and abandoning module VisualStudioSourceCodeAccess (104)
[2016.04.13-16.20.27:699][315]LogModuleManager: Shutting down and abandoning module UObjectPlugin (103)
[2016.04.13-16.20.27:699][315]LogModuleManager: Shutting down and abandoning module SubversionSourceControl (102)
[2016.04.13-16.20.27:699][315]LogModuleManager: Shutting down and abandoning module PerforceSourceControl (101)
[2016.04.13-16.20.27:699][315]LogModuleManager: Shutting down and abandoning module SourceControl (100)
[2016.04.13-16.20.27:699][315]LogModuleManager: Shutting down and abandoning module GitSourceControl (99)
[2016.04.13-16.20.27:699][315]LogModuleManager: Shutting down and abandoning module LightPropagationVolumeEditor (98)
[2016.04.13-16.20.27:699][315]LogModuleManager: Shutting down and abandoning module PaperTiledImporter (97)
[2016.04.13-16.20.27:699][315]LogModuleManager: Shutting down and abandoning module PaperSpriteSheetImporter (96)
[2016.04.13-16.20.27:699][315]LogModuleManager: Shutting down and abandoning module MeshPaint (95)
[2016.04.13-16.20.27:699][315]LogModuleManager: Shutting down and abandoning module SlateReflector (94)
[2016.04.13-16.20.27:699][315]LogModuleManager: Shutting down and abandoning module HotReload (93)
[2016.04.13-16.20.27:699][315]LogModuleManager: Shutting down and abandoning module MainFrame (92)
[2016.04.13-16.20.27:699][315]LogModuleManager: Shutting down and abandoning module LevelEditor (91)
[2016.04.13-16.20.27:700][315]LogModuleManager: Shutting down and abandoning module DirectoryWatcher (90)
[2016.04.13-16.20.27:700][315]LogModuleManager: Shutting down and abandoning module AssetRegistry (89)
[2016.04.13-16.20.27:750][315]LogModuleManager: Shutting down and abandoning module ContentBrowser (88)
[2016.04.13-16.20.27:750][315]LogModuleManager: Shutting down and abandoning module Paper2DEditor (87)
[2016.04.13-16.20.27:751][315]LogModuleManager: Shutting down and abandoning module UdpMessaging (86)
[2016.04.13-16.20.27:851][315]LogModuleManager: Shutting down and abandoning module LightPropagationVolumeRuntime (85)
[2016.04.13-16.20.27:851][315]LogModuleManager: Shutting down and abandoning module Paper2D (84)
[2016.04.13-16.20.27:851][315]LogModuleManager: Shutting down and abandoning module WindowsMoviePlayer (83)
[2016.04.13-16.20.27:854][315]LogModuleManager: Shutting down and abandoning module Media (82)
[2016.04.13-16.20.27:854][315]LogModuleManager: Shutting down and abandoning module WmfMedia (81)
[2016.04.13-16.20.27:855][315]LogModuleManager: Shutting down and abandoning module OnlineBlueprintSupport (80)
[2016.04.13-16.20.27:855][315]LogModuleManager: Shutting down and abandoning module GameplayTasksEditor (79)
[2016.04.13-16.20.27:855][315]LogModuleManager: Shutting down and abandoning module PropertyEditor (78)
[2016.04.13-16.20.27:855][315]LogModuleManager: Shutting down and abandoning module BehaviorTreeEditor (77)
[2016.04.13-16.20.27:855][315]LogModuleManager: Shutting down and abandoning module FunctionalTesting (76)
[2016.04.13-16.20.27:855][315]LogModuleManager: Shutting down and abandoning module CollisionAnalyzer (75)
[2016.04.13-16.20.27:855][315]LogModuleManager: Shutting down and abandoning module WorkspaceMenuStructure (74)
[2016.04.13-16.20.27:855][315]LogModuleManager: Shutting down and abandoning module MessageLog (73)
[2016.04.13-16.20.27:855][315]LogModuleManager: Shutting down and abandoning module Sequencer (72)
[2016.04.13-16.20.27:855][315]LogModuleManager: Shutting down and abandoning module AssetTools (71)
[2016.04.13-16.20.27:855][315]LogModuleManager: Shutting down and abandoning module UMGEditor (70)
[2016.04.13-16.20.27:855][315]LogModuleManager: Shutting down and abandoning module UMG (69)
[2016.04.13-16.20.27:855][315]LogModuleManager: Shutting down and abandoning module Slate (68)
[2016.04.13-16.20.27:855][315]LogModuleManager: Shutting down and abandoning module EditorStyle (67)
[2016.04.13-16.20.27:857][315]LogModuleManager: Shutting down and abandoning module SessionServices (66)
[2016.04.13-16.20.27:858][315]LogModuleManager: Shutting down and abandoning module SourceCodeAccess (65)
[2016.04.13-16.20.27:858][315]LogModuleManager: Shutting down and abandoning module HeadMountedDisplay (64)
[2016.04.13-16.20.27:858][315]LogModuleManager: Shutting down and abandoning module XAudio2 (63)
[2016.04.13-16.20.27:858][315]LogModuleManager: Shutting down and abandoning module Networking (61)
[2016.04.13-16.20.27:858][315]LogModuleManager: Shutting down and abandoning module Core (60)
[2016.04.13-16.20.27:858][315]LogModuleManager: Shutting down and abandoning module KismetCompiler (59)
[2016.04.13-16.20.27:858][315]LogModuleManager: Shutting down and abandoning module PhysXFormats (58)
[2016.04.13-16.20.27:858][315]LogModuleManager: Shutting down and abandoning module MeshUtilities (57)
[2016.04.13-16.20.27:858][315]LogModuleManager: Shutting down and abandoning module DerivedDataCache (56)
[2016.04.13-16.20.28:211][315]LogDerivedDataCache: Shutdown
[2016.04.13-16.20.28:211][315]LogModuleManager: Shutting down and abandoning module ShaderFormatOpenGL (55)
[2016.04.13-16.20.28:211][315]LogModuleManager: Shutting down and abandoning module ShaderFormatD3D (54)
[2016.04.13-16.20.28:211][315]LogModuleManager: Shutting down and abandoning module MetalShaderFormat (53)
[2016.04.13-16.20.28:211][315]LogModuleManager: Shutting down and abandoning module TextureFormatUncompressed (52)
[2016.04.13-16.20.28:211][315]LogModuleManager: Shutting down and abandoning module TextureFormatPVR (51)
[2016.04.13-16.20.28:211][315]LogModuleManager: Shutting down and abandoning module TextureFormatIntelISPCTexComp (50)
[2016.04.13-16.20.28:211][315]LogModuleManager: Shutting down and abandoning module TextureFormatDXT (49)
[2016.04.13-16.20.28:211][315]LogModuleManager: Shutting down and abandoning module ImageWrapper (48)
[2016.04.13-16.20.28:211][315]LogModuleManager: Shutting down and abandoning module TextureFormatASTC (47)
[2016.04.13-16.20.28:211][315]LogModuleManager: Shutting down and abandoning module TextureFormatAndroid (46)
[2016.04.13-16.20.28:211][315]LogModuleManager: Shutting down and abandoning module AudioFormatOpus (45)
[2016.04.13-16.20.28:211][315]LogModuleManager: Shutting down and abandoning module AudioFormatOgg (44)
[2016.04.13-16.20.28:211][315]LogModuleManager: Shutting down and abandoning module AudioFormatADPCM (43)
[2016.04.13-16.20.28:211][315]LogModuleManager: Shutting down and abandoning module LinuxTargetPlatform (42)
[2016.04.13-16.20.28:211][315]LogModuleManager: Shutting down and abandoning module LinuxServerTargetPlatform (41)
[2016.04.13-16.20.28:211][315]LogModuleManager: Shutting down and abandoning module LinuxNoEditorTargetPlatform (40)
[2016.04.13-16.20.28:212][315]LogModuleManager: Shutting down and abandoning module Messaging (39)
[2016.04.13-16.20.28:212][315]LogModuleManager: Shutting down and abandoning module IOSTargetPlatform (38)
[2016.04.13-16.20.28:212][315]LogModuleManager: Shutting down and abandoning module HTML5TargetPlatform (37)
[2016.04.13-16.20.28:212][315]LogModuleManager: Shutting down and abandoning module Android_PVRTCTargetPlatform (36)
[2016.04.13-16.20.28:212][315]LogModuleManager: Shutting down and abandoning module Android_MultiTargetPlatform (35)
[2016.04.13-16.20.28:212][315]LogModuleManager: Shutting down and abandoning module Android_ETC2TargetPlatform (34)
[2016.04.13-16.20.28:212][315]LogModuleManager: Shutting down and abandoning module Android_ETC1TargetPlatform (33)
[2016.04.13-16.20.28:212][315]LogModuleManager: Shutting down and abandoning module Android_DXTTargetPlatform (32)
[2016.04.13-16.20.28:212][315]LogModuleManager: Shutting down and abandoning module Android_ATCTargetPlatform (31)
[2016.04.13-16.20.28:212][315]LogModuleManager: Shutting down and abandoning module Android_ASTCTargetPlatform (30)
[2016.04.13-16.20.28:212][315]LogModuleManager: Shutting down and abandoning module AndroidTargetPlatform (29)
[2016.04.13-16.20.28:212][315]LogModuleManager: Shutting down and abandoning module WindowsTargetPlatform (28)
[2016.04.13-16.20.28:212][315]LogModuleManager: Shutting down and abandoning module WindowsServerTargetPlatform (27)
[2016.04.13-16.20.28:212][315]LogModuleManager: Shutting down and abandoning module WindowsNoEditorTargetPlatform (26)
[2016.04.13-16.20.28:212][315]LogModuleManager: Shutting down and abandoning module WindowsClientTargetPlatform (25)
[2016.04.13-16.20.28:212][315]LogModuleManager: Shutting down and abandoning module AllDesktopTargetPlatform (24)
[2016.04.13-16.20.28:212][315]LogModuleManager: Shutting down and abandoning module TargetPlatform (23)
[2016.04.13-16.20.28:212][315]LogModuleManager: Shutting down and abandoning module InputCore (22)
[2016.04.13-16.20.28:212][315]LogModuleManager: Shutting down and abandoning module Settings (21)
[2016.04.13-16.20.28:212][315]LogModuleManager: Shutting down and abandoning module OnlineSubsystem (19)
[2016.04.13-16.20.28:212][315]LogModuleManager: Shutting down and abandoning module HTTP (18)
[2016.04.13-16.20.30:212][315]LogModuleManager: Shutting down and abandoning module XMPP (17)
[2016.04.13-16.20.30:212][315]LogModuleManager: Shutting down and abandoning module OculusRift (16)
[2016.04.13-16.20.30:212][315]LogModuleManager: Shutting down and abandoning module ExampleDeviceProfileSelector (15)
[2016.04.13-16.20.30:212][315]LogModuleManager: Shutting down and abandoning module TextureCompressor (14)
[2016.04.13-16.20.30:212][315]LogModuleManager: Shutting down and abandoning module ShaderCore (13)
[2016.04.13-16.20.30:212][315]LogModuleManager: Shutting down and abandoning module Landscape (12)
[2016.04.13-16.20.30:212][315]LogModuleManager: Shutting down and abandoning module SlateRHIRenderer (11)
[2016.04.13-16.20.30:213][315]LogModuleManager: Shutting down and abandoning module OpenGLDrv (10)
[2016.04.13-16.20.30:213][315]LogModuleManager: Shutting down and abandoning module D3D11RHI (9)
[2016.04.13-16.20.30:213][315]LogModuleManager: Shutting down and abandoning module AnimGraphRuntime (8)
[2016.04.13-16.20.30:213][315]LogModuleManager: Shutting down and abandoning module Renderer (7)
[2016.04.13-16.20.30:213][315]LogModuleManager: Shutting down and abandoning module Engine (6)
[2016.04.13-16.20.30:213][315]LogModuleManager: Shutting down and abandoning module CoreUObject (5)
[2016.04.13-16.20.30:213][315]LogModuleManager: Shutting down and abandoning module NetworkFile (4)
[2016.04.13-16.20.30:213][315]LogModuleManager: Shutting down and abandoning module StreamingFile (3)
[2016.04.13-16.20.30:213][315]LogModuleManager: Shutting down and abandoning module SandboxFile (2)
[2016.04.13-16.20.30:213][315]LogModuleManager: Shutting down and abandoning module PakFile (1)
[2016.04.13-16.20.30:215][315]LogExit: Exiting.
[2016.04.13-16.20.30:216][315]Log file closed, 04/13/16 12:20:30
